build/app/intermediates/manifest_merge_blame_file/debug/manifest-merger-blame-debug-report.txt
1<?xml version="1.0" encoding="utf-8"?>
2<manifest xmlns:android="http://schemas.android.com/apk/res/android"
3    package="com.example.chatapp_firebase"
4    android:versionCode="1"
5    android:versionName="1.0.0" >
6
7    <uses-sdk
8        android:minSdkVersion="21"
9        android:targetSdkVersion="33" />
10    <!--
11         The INTERNET permission is required for development. Specifically,
12         the Flutter tool needs it to communicate with the running application
13         to allow setting breakpoints, to provide hot reload, etc.
14    -->
15    <uses-permission android:name="android.permission.INTERNET" />
15-->src\debug\AndroidManifest.xml:7:5-66
15-->src\debug\AndroidManifest.xml:7:22-64
16    <uses-permission android:name="android.permission.ACCESS_NETWORK_STATE" />
16-->[com.google.android.gms:play-services-measurement-api:21.5.0] AndroidManifest.xml:23:5-79
16-->[com.google.android.gms:play-services-measurement-api:21.5.0] AndroidManifest.xml:23:22-76
17    <uses-permission android:name="android.permission.WAKE_LOCK" />
17-->[com.google.android.gms:play-services-measurement-api:21.5.0] AndroidManifest.xml:24:5-68
17-->[com.google.android.gms:play-services-measurement-api:21.5.0] AndroidManifest.xml:24:22-65
18    <uses-permission android:name="com.google.android.gms.permission.AD_ID" />
18-->[com.google.android.gms:play-services-measurement-api:21.5.0] AndroidManifest.xml:25:5-79
18-->[com.google.android.gms:play-services-measurement-api:21.5.0] AndroidManifest.xml:25:22-76
19    <uses-permission android:name="android.permission.ACCESS_ADSERVICES_ATTRIBUTION" />
19-->[com.google.android.gms:play-services-measurement-api:21.5.0] AndroidManifest.xml:26:5-88
19-->[com.google.android.gms:play-services-measurement-api:21.5.0] AndroidManifest.xml:26:22-85
20    <uses-permission android:name="android.permission.ACCESS_ADSERVICES_AD_ID" />
20-->[com.google.android.gms:play-services-measurement-api:21.5.0] AndroidManifest.xml:27:5-82
20-->[com.google.android.gms:play-services-measurement-api:21.5.0] AndroidManifest.xml:27:22-79
21    <uses-permission android:name="com.google.android.providers.gsf.permission.READ_GSERVICES" />
21-->[com.google.android.recaptcha:recaptcha:18.4.0] AndroidManifest.xml:9:5-98
21-->[com.google.android.recaptcha:recaptcha:18.4.0] AndroidManifest.xml:9:22-95
22    <uses-permission android:name="com.google.android.finsky.permission.BIND_GET_INSTALL_REFERRER_SERVICE" />
22-->[com.google.android.gms:play-services-measurement:21.5.0] AndroidManifest.xml:26:5-110
22-->[com.google.android.gms:play-services-measurement:21.5.0] AndroidManifest.xml:26:22-107
23
24    <permission
24-->[androidx.core:core:1.9.0] AndroidManifest.xml:22:5-24:47
25        android:name="com.example.chatapp_firebase.DYNAMIC_RECEIVER_NOT_EXPORTED_PERMISSION"
25-->[androidx.core:core:1.9.0] AndroidManifest.xml:23:9-81
26        android:protectionLevel="signature" />
26-->[androidx.core:core:1.9.0] AndroidManifest.xml:24:9-44
27
28    <uses-permission android:name="com.example.chatapp_firebase.DYNAMIC_RECEIVER_NOT_EXPORTED_PERMISSION" />
28-->[androidx.core:core:1.9.0] AndroidManifest.xml:26:5-97
28-->[androidx.core:core:1.9.0] AndroidManifest.xml:26:22-94
29
30    <application
31        android:name="android.app.Application"
32        android:appComponentFactory="androidx.core.app.CoreComponentFactory"
32-->[androidx.core:core:1.9.0] AndroidManifest.xml:28:18-86
33        android:debuggable="true"
34        android:icon="@mipmap/ic_launcher"
35        android:label="chatapp_firebase" >
36        <activity
37            android:name="com.example.chatapp_firebase.MainActivity"
38            android:configChanges="orientation|keyboardHidden|keyboard|screenSize|smallestScreenSize|locale|layoutDirection|fontScale|screenLayout|density|uiMode"
39            android:exported="true"
40            android:hardwareAccelerated="true"
41            android:launchMode="singleTop"
42            android:theme="@style/LaunchTheme"
43            android:windowSoftInputMode="adjustResize" >
44
45            <!--
46                 Specifies an Android theme to apply to this Activity as soon as
47                 the Android process has started. This theme is visible to the user
48                 while the Flutter UI initializes. After that, this theme continues
49                 to determine the Window background behind the Flutter UI.
50            -->
51            <meta-data
52                android:name="io.flutter.embedding.android.NormalTheme"
53                android:resource="@style/NormalTheme" />
54
55            <intent-filter>
56                <action android:name="android.intent.action.MAIN" />
57
58                <category android:name="android.intent.category.LAUNCHER" />
59            </intent-filter>
60        </activity>
61        <!--
62             Don't delete the meta-data below.
63             This is used by the Flutter tool to generate GeneratedPluginRegistrant.java
64        -->
65        <meta-data
66            android:name="flutterEmbedding"
67            android:value="2" />
68
69        <service
69-->[:firebase_auth] AndroidManifest.xml:8:9-12:19
70            android:name="com.google.firebase.components.ComponentDiscoveryService"
70-->[:firebase_auth] AndroidManifest.xml:8:18-89
71            android:directBootAware="true"
71-->[com.google.firebase:firebase-common:20.4.2] AndroidManifest.xml:32:13-43
72            android:exported="false" >
72-->[com.google.android.gms:play-services-measurement-api:21.5.0] AndroidManifest.xml:36:13-37
73            <meta-data
73-->[:firebase_auth] AndroidManifest.xml:9:13-11:85
74                android:name="com.google.firebase.components:io.flutter.plugins.firebase.auth.FlutterFirebaseAuthRegistrar"
74-->[:firebase_auth] AndroidManifest.xml:10:17-124
75                android:value="com.google.firebase.components.ComponentRegistrar" />
75-->[:firebase_auth] AndroidManifest.xml:11:17-82
76            <meta-data
76-->[:cloud_firestore] AndroidManifest.xml:9:13-11:85
77                android:name="com.google.firebase.components:io.flutter.plugins.firebase.firestore.FlutterFirebaseFirestoreRegistrar"
77-->[:cloud_firestore] AndroidManifest.xml:10:17-134
78                android:value="com.google.firebase.components.ComponentRegistrar" />
78-->[:cloud_firestore] AndroidManifest.xml:11:17-82
79            <meta-data
79-->[:firebase_core] AndroidManifest.xml:9:13-11:85
80                android:name="com.google.firebase.components:io.flutter.plugins.firebase.core.FlutterFirebaseCoreRegistrar"
80-->[:firebase_core] AndroidManifest.xml:10:17-124
81                android:value="com.google.firebase.components.ComponentRegistrar" />
81-->[:firebase_core] AndroidManifest.xml:11:17-82
82            <meta-data
82-->[com.google.android.gms:play-services-measurement-api:21.5.0] AndroidManifest.xml:37:13-39:85
83                android:name="com.google.firebase.components:com.google.firebase.analytics.connector.internal.AnalyticsConnectorRegistrar"
83-->[com.google.android.gms:play-services-measurement-api:21.5.0] AndroidManifest.xml:38:17-139
84                android:value="com.google.firebase.components.ComponentRegistrar" />
84-->[com.google.android.gms:play-services-measurement-api:21.5.0] AndroidManifest.xml:39:17-82
85            <meta-data
85-->[com.google.firebase:firebase-auth:22.3.1] AndroidManifest.xml:69:13-71:85
86                android:name="com.google.firebase.components:com.google.firebase.auth.FirebaseAuthRegistrar"
86-->[com.google.firebase:firebase-auth:22.3.1] AndroidManifest.xml:70:17-109
87                android:value="com.google.firebase.components.ComponentRegistrar" />
87-->[com.google.firebase:firebase-auth:22.3.1] AndroidManifest.xml:71:17-82
88            <meta-data
88-->[com.google.firebase:firebase-firestore:24.10.1] AndroidManifest.xml:17:13-19:85
89                android:name="com.google.firebase.components:com.google.firebase.firestore.FirebaseFirestoreKtxRegistrar"
89-->[com.google.firebase:firebase-firestore:24.10.1] AndroidManifest.xml:18:17-122
90                android:value="com.google.firebase.components.ComponentRegistrar" />
90-->[com.google.firebase:firebase-firestore:24.10.1] AndroidManifest.xml:19:17-82
91            <meta-data
91-->[com.google.firebase:firebase-firestore:24.10.1] AndroidManifest.xml:20:13-22:85
92                android:name="com.google.firebase.components:com.google.firebase.firestore.FirestoreRegistrar"
92-->[com.google.firebase:firebase-firestore:24.10.1] AndroidManifest.xml:21:17-111
93                android:value="com.google.firebase.components.ComponentRegistrar" />
93-->[com.google.firebase:firebase-firestore:24.10.1] AndroidManifest.xml:22:17-82
94            <meta-data
94-->[com.google.firebase:firebase-installations:17.2.0] AndroidManifest.xml:15:13-17:85
95                android:name="com.google.firebase.components:com.google.firebase.installations.FirebaseInstallationsKtxRegistrar"
95-->[com.google.firebase:firebase-installations:17.2.0] AndroidManifest.xml:16:17-130
96                android:value="com.google.firebase.components.ComponentRegistrar" />
96-->[com.google.firebase:firebase-installations:17.2.0] AndroidManifest.xml:17:17-82
97            <meta-data
97-->[com.google.firebase:firebase-installations:17.2.0] AndroidManifest.xml:18:13-20:85
98                android:name="com.google.firebase.components:com.google.firebase.installations.FirebaseInstallationsRegistrar"
98-->[com.google.firebase:firebase-installations:17.2.0] AndroidManifest.xml:19:17-127
99                android:value="com.google.firebase.components.ComponentRegistrar" />
99-->[com.google.firebase:firebase-installations:17.2.0] AndroidManifest.xml:20:17-82
100            <meta-data
100-->[com.google.firebase:firebase-common-ktx:20.4.2] AndroidManifest.xml:12:13-14:85
101                android:name="com.google.firebase.components:com.google.firebase.ktx.FirebaseCommonLegacyRegistrar"
101-->[com.google.firebase:firebase-common-ktx:20.4.2] AndroidManifest.xml:13:17-116
102                android:value="com.google.firebase.components.ComponentRegistrar" />
102-->[com.google.firebase:firebase-common-ktx:20.4.2] AndroidManifest.xml:14:17-82
103            <meta-data
103-->[com.google.firebase:firebase-common:20.4.2] AndroidManifest.xml:35:13-37:85
104                android:name="com.google.firebase.components:com.google.firebase.FirebaseCommonKtxRegistrar"
104-->[com.google.firebase:firebase-common:20.4.2] AndroidManifest.xml:36:17-109
105                android:value="com.google.firebase.components.ComponentRegistrar" />
105-->[com.google.firebase:firebase-common:20.4.2] AndroidManifest.xml:37:17-82
106        </service>
107
108        <property
108-->[com.google.android.gms:play-services-measurement-api:21.5.0] AndroidManifest.xml:30:9-32:61
109            android:name="android.adservices.AD_SERVICES_CONFIG"
109-->[com.google.android.gms:play-services-measurement-api:21.5.0] AndroidManifest.xml:31:13-65
110            android:resource="@xml/ga_ad_services_config" />
110-->[com.google.android.gms:play-services-measurement-api:21.5.0] AndroidManifest.xml:32:13-58
111
112        <activity
112-->[com.google.firebase:firebase-auth:22.3.1] AndroidManifest.xml:29:9-46:20
113            android:name="com.google.firebase.auth.internal.GenericIdpActivity"
113-->[com.google.firebase:firebase-auth:22.3.1] AndroidManifest.xml:30:13-80
114            android:excludeFromRecents="true"
114-->[com.google.firebase:firebase-auth:22.3.1] AndroidManifest.xml:31:13-46
115            android:exported="true"
115-->[com.google.firebase:firebase-auth:22.3.1] AndroidManifest.xml:32:13-36
116            android:launchMode="singleTask"
116-->[com.google.firebase:firebase-auth:22.3.1] AndroidManifest.xml:33:13-44
117            android:theme="@android:style/Theme.Translucent.NoTitleBar" >
117-->[com.google.firebase:firebase-auth:22.3.1] AndroidManifest.xml:34:13-72
118            <intent-filter>
118-->[com.google.firebase:firebase-auth:22.3.1] AndroidManifest.xml:35:13-45:29
119                <action android:name="android.intent.action.VIEW" />
119-->[com.google.firebase:firebase-auth:22.3.1] AndroidManifest.xml:36:17-69
119-->[com.google.firebase:firebase-auth:22.3.1] AndroidManifest.xml:36:25-66
120
121                <category android:name="android.intent.category.DEFAULT" />
121-->[com.google.firebase:firebase-auth:22.3.1] AndroidManifest.xml:38:17-76
121-->[com.google.firebase:firebase-auth:22.3.1] AndroidManifest.xml:38:27-73
122                <category android:name="android.intent.category.BROWSABLE" />
122-->[com.google.firebase:firebase-auth:22.3.1] AndroidManifest.xml:39:17-78
122-->[com.google.firebase:firebase-auth:22.3.1] AndroidManifest.xml:39:27-75
123
124                <data
124-->[com.google.firebase:firebase-auth:22.3.1] AndroidManifest.xml:41:17-44:51
125                    android:host="firebase.auth"
125-->[com.google.firebase:firebase-auth:22.3.1] AndroidManifest.xml:42:21-49
126                    android:path="/"
126-->[com.google.firebase:firebase-auth:22.3.1] AndroidManifest.xml:43:21-37
127                    android:scheme="genericidp" />
127-->[com.google.firebase:firebase-auth:22.3.1] AndroidManifest.xml:44:21-48
128            </intent-filter>
129        </activity>
130        <activity
130-->[com.google.firebase:firebase-auth:22.3.1] AndroidManifest.xml:47:9-64:20
131            android:name="com.google.firebase.auth.internal.RecaptchaActivity"
131-->[com.google.firebase:firebase-auth:22.3.1] AndroidManifest.xml:48:13-79
132            android:excludeFromRecents="true"
132-->[com.google.firebase:firebase-auth:22.3.1] AndroidManifest.xml:49:13-46
133            android:exported="true"
133-->[com.google.firebase:firebase-auth:22.3.1] AndroidManifest.xml:50:13-36
134            android:launchMode="singleTask"
134-->[com.google.firebase:firebase-auth:22.3.1] AndroidManifest.xml:51:13-44
135            android:theme="@android:style/Theme.Translucent.NoTitleBar" >
135-->[com.google.firebase:firebase-auth:22.3.1] AndroidManifest.xml:52:13-72
136            <intent-filter>
136-->[com.google.firebase:firebase-auth:22.3.1] AndroidManifest.xml:53:13-63:29
137                <action android:name="android.intent.action.VIEW" />
137-->[com.google.firebase:firebase-auth:22.3.1] AndroidManifest.xml:36:17-69
137-->[com.google.firebase:firebase-auth:22.3.1] AndroidManifest.xml:36:25-66
138
139                <category android:name="android.intent.category.DEFAULT" />
139-->[com.google.firebase:firebase-auth:22.3.1] AndroidManifest.xml:38:17-76
139-->[com.google.firebase:firebase-auth:22.3.1] AndroidManifest.xml:38:27-73
140                <category android:name="android.intent.category.BROWSABLE" />
140-->[com.google.firebase:firebase-auth:22.3.1] AndroidManifest.xml:39:17-78
140-->[com.google.firebase:firebase-auth:22.3.1] AndroidManifest.xml:39:27-75
141
142                <data
142-->[com.google.firebase:firebase-auth:22.3.1] AndroidManifest.xml:41:17-44:51
143                    android:host="firebase.auth"
143-->[com.google.firebase:firebase-auth:22.3.1] AndroidManifest.xml:42:21-49
144                    android:path="/"
144-->[com.google.firebase:firebase-auth:22.3.1] AndroidManifest.xml:43:21-37
145                    android:scheme="recaptcha" />
145-->[com.google.firebase:firebase-auth:22.3.1] AndroidManifest.xml:44:21-48
146            </intent-filter>
147        </activity>
148
149        <provider
149-->[com.google.firebase:firebase-common:20.4.2] AndroidManifest.xml:23:9-28:39
150            android:name="com.google.firebase.provider.FirebaseInitProvider"
150-->[com.google.firebase:firebase-common:20.4.2] AndroidManifest.xml:24:13-77
151            android:authorities="com.example.chatapp_firebase.firebaseinitprovider"
151-->[com.google.firebase:firebase-common:20.4.2] AndroidManifest.xml:25:13-72
152            android:directBootAware="true"
152-->[com.google.firebase:firebase-common:20.4.2] AndroidManifest.xml:26:13-43
153            android:exported="false"
153-->[com.google.firebase:firebase-common:20.4.2] AndroidManifest.xml:27:13-37
154            android:initOrder="100" />
154-->[com.google.firebase:firebase-common:20.4.2] AndroidManifest.xml:28:13-36
155
156        <uses-library
156-->[androidx.window:window:1.0.0-beta04] AndroidManifest.xml:25:9-27:40
157            android:name="androidx.window.extensions"
157-->[androidx.window:window:1.0.0-beta04] AndroidManifest.xml:26:13-54
158            android:required="false" />
158-->[androidx.window:window:1.0.0-beta04] AndroidManifest.xml:27:13-37
159        <uses-library
159-->[androidx.window:window:1.0.0-beta04] AndroidManifest.xml:28:9-30:40
160            android:name="androidx.window.sidecar"
160-->[androidx.window:window:1.0.0-beta04] AndroidManifest.xml:29:13-51
161            android:required="false" />
161-->[androidx.window:window:1.0.0-beta04] AndroidManifest.xml:30:13-37
162
163        <receiver
163-->[com.google.android.gms:play-services-measurement:21.5.0] AndroidManifest.xml:29:9-33:20
164            android:name="com.google.android.gms.measurement.AppMeasurementReceiver"
164-->[com.google.android.gms:play-services-measurement:21.5.0] AndroidManifest.xml:30:13-85
165            android:enabled="true"
165-->[com.google.android.gms:play-services-measurement:21.5.0] AndroidManifest.xml:31:13-35
166            android:exported="false" >
166-->[com.google.android.gms:play-services-measurement:21.5.0] AndroidManifest.xml:32:13-37
167        </receiver>
168
169        <service
169-->[com.google.android.gms:play-services-measurement:21.5.0] AndroidManifest.xml:35:9-38:40
170            android:name="com.google.android.gms.measurement.AppMeasurementService"
170-->[com.google.android.gms:play-services-measurement:21.5.0] AndroidManifest.xml:36:13-84
171            android:enabled="true"
171-->[com.google.android.gms:play-services-measurement:21.5.0] AndroidManifest.xml:37:13-35
172            android:exported="false" />
172-->[com.google.android.gms:play-services-measurement:21.5.0] AndroidManifest.xml:38:13-37
173        <service
173-->[com.google.android.gms:play-services-measurement:21.5.0] AndroidManifest.xml:39:9-43:72
174            android:name="com.google.android.gms.measurement.AppMeasurementJobService"
174-->[com.google.android.gms:play-services-measurement:21.5.0] AndroidManifest.xml:40:13-87
175            android:enabled="true"
175-->[com.google.android.gms:play-services-measurement:21.5.0] AndroidManifest.xml:41:13-35
176            android:exported="false"
176-->[com.google.android.gms:play-services-measurement:21.5.0] AndroidManifest.xml:42:13-37
177            android:permission="android.permission.BIND_JOB_SERVICE" />
177-->[com.google.android.gms:play-services-measurement:21.5.0] AndroidManifest.xml:43:13-69
178
179        <uses-library
179-->[androidx.privacysandbox.ads:ads-adservices:1.0.0-beta05] AndroidManifest.xml:23:9-25:40
180            android:name="android.ext.adservices"
180-->[androidx.privacysandbox.ads:ads-adservices:1.0.0-beta05] AndroidManifest.xml:24:13-50
181            android:required="false" />
181-->[androidx.privacysandbox.ads:ads-adservices:1.0.0-beta05] AndroidManifest.xml:25:13-37
182
183        <activity
183-->[com.google.android.gms:play-services-base:18.0.1] AndroidManifest.xml:20:9-22:45
184            android:name="com.google.android.gms.common.api.GoogleApiActivity"
184-->[com.google.android.gms:play-services-base:18.0.1] AndroidManifest.xml:20:19-85
185            android:exported="false"
185-->[com.google.android.gms:play-services-base:18.0.1] AndroidManifest.xml:22:19-43
186            android:theme="@android:style/Theme.Translucent.NoTitleBar" />
186-->[com.google.android.gms:play-services-base:18.0.1] AndroidManifest.xml:21:19-78
187
188        <meta-data
188-->[com.google.android.gms:play-services-basement:18.1.0] AndroidManifest.xml:21:9-23:69
189            android:name="com.google.android.gms.version"
189-->[com.google.android.gms:play-services-basement:18.1.0] AndroidManifest.xml:22:13-58
190            android:value="@integer/google_play_services_version" />
190-->[com.google.android.gms:play-services-basement:18.1.0] AndroidManifest.xml:23:13-66
191    </application>
192
193</manifest>